<?xml version="1.0" encoding="UTF-8"?>
<testsuite name="ch.zhaw.iwi.devops.task.TaskControllerTest" tests="2" skipped="0" failures="0" errors="0" timestamp="2025-05-18T10:31:28" hostname="beyzas-macbook" time="0.505">
  <properties/>
  <testcase name="testAddAndGetTasks()" classname="ch.zhaw.iwi.devops.task.TaskControllerTest" time="0.494"/>
  <testcase name="testMultipleScenarios()" classname="ch.zhaw.iwi.devops.task.TaskControllerTest" time="0.01"/>
  <system-out><![CDATA[12:31:28.392 [Test worker] INFO org.springframework.test.context.support.AnnotationConfigContextLoaderUtils -- Could not detect default configuration classes for test class [ch.zhaw.iwi.devops.task.TaskControllerTest]: TaskControllerTest does not declare any static, non-private, non-final, nested classes annotated with @Configuration.
12:31:28.452 [Test worker] INFO org.springframework.boot.test.context.SpringBootTestContextBootstrapper -- Found @SpringBootConfiguration ch.zhaw.iwi.devops.DevOpsScreencastTaskTrackerApplication for test class ch.zhaw.iwi.devops.task.TaskControllerTest

  .   ____          _            __ _ _
 /\\ / ___'_ __ _ _(_)_ __  __ _ \ \ \ \
( ( )\___ | '_ | '_| | '_ \/ _` | \ \ \ \
 \\/  ___)| |_)| | | | | || (_| |  ) ) ) )
  '  |____| .__|_| |_|_| |_\__, | / / / /
 =========|_|==============|___/=/_/_/_/

 :: Spring Boot ::                (v3.3.5)

2025-05-18T12:31:28.600+02:00  INFO 30997 --- [    Test worker] c.z.iwi.devops.task.TaskControllerTest   : Starting TaskControllerTest using Java 21.0.7 with PID 30997 (started by beyzq in /Users/beyzq/Documents/DevOps-Lernjournal-Code/DevOps-Screencast-TaskTracker/backend)
2025-05-18T12:31:28.601+02:00  INFO 30997 --- [    Test worker] c.z.iwi.devops.task.TaskControllerTest   : No active profile set, falling back to 1 default profile: "default"
2025-05-18T12:31:28.937+02:00  INFO 30997 --- [    Test worker] o.s.b.t.m.w.SpringBootMockServletContext : Initializing Spring TestDispatcherServlet ''
2025-05-18T12:31:28.937+02:00  INFO 30997 --- [    Test worker] o.s.t.web.servlet.TestDispatcherServlet  : Initializing Servlet ''
2025-05-18T12:31:28.938+02:00  INFO 30997 --- [    Test worker] o.s.t.web.servlet.TestDispatcherServlet  : Completed initialization in 1 ms
2025-05-18T12:31:28.951+02:00  INFO 30997 --- [    Test worker] c.z.iwi.devops.task.TaskControllerTest   : Started TaskControllerTest in 0.47 seconds (process running for 0.936)
]]></system-out>
  <system-err><![CDATA[WARNING: A Java agent has been loaded dynamically (/Users/beyzq/.gradle/caches/modules-2/files-2.1/net.bytebuddy/byte-buddy-agent/1.14.19/154da3a65b4f4a909d3e5bdec55d1b2b4cbb6ce1/byte-buddy-agent-1.14.19.jar)
WARNING: If a serviceability tool is in use, please run with -XX:+EnableDynamicAgentLoading to hide this warning
WARNING: If a serviceability tool is not in use, please run with -Djdk.instrument.traceUsage for more information
WARNING: Dynamic loading of agents will be disallowed by default in a future release
]]></system-err>
</testsuite>
